[2017-09-10 21:24:39] START
[2017-09-10 21:25:38] CREATE warden.py: 0
[2017-09-10 21:25:51] CREATE warden/index.html: 0
[2017-09-10 22:02:04] CREATE test.py: 0
[2017-09-10 22:41:38] CREATE test.py: 0
[2017-09-10 22:43:45] CREATE test2.py: 0
[2017-09-10 22:44:40] DELETE warden/models/test2.py: 0
[2017-09-10 23:08:51] CREATE roboclaw.py: 0
[2017-09-10 23:09:21] EDIT warden/modules/roboclaw.py: 893
[2017-09-10 23:12:23] EDIT warden/modules/roboclaw.py: 0
[2017-09-10 23:24:49] CREATE RoboClaw.py: 0
[2017-09-10 23:25:19] EDIT warden/modules/RoboClaw.py: 911
[2017-09-10 23:26:21] CREATE robo.py: 0
[2017-09-10 23:26:40] EDIT warden/modules/robo.py: 89
[2017-09-10 23:26:53] EDIT warden/modules/robo.py: 0
[2017-09-10 23:27:02] EDIT warden/modules/robo.py: -1
[2017-09-10 23:49:35] EDIT warden/modules/robo.py: -1
[2017-09-10 23:50:23] EDIT warden/modules/RoboClaw.py: -1
[2017-09-10 23:51:55] EDIT warden/modules/robo.py: 0
[2017-09-11 00:15:56] CREATE websocket_server.py: 0
[2017-09-11 00:16:21] EDIT warden/modules/websocket_server.py: 195
[2017-09-11 00:18:18] EDIT warden/modules/websocket_server.py: 0
[2017-09-11 00:20:42] EDIT warden/modules/websocket_server.py: 2
[2017-09-11 00:21:50] CREATE serial_stuff.py: 0
[2017-09-11 00:22:22] EDIT warden/modules/serial_stuff.py: 27
[2017-09-11 00:22:42] EDIT warden/modules/websocket_server.py: 2
[2017-09-11 00:23:43] EDIT warden/modules/websocket_server.py: 1
[2017-09-11 00:26:37] EDIT warden/modules/websocket_server.py: 1
[2017-09-11 00:26:53] EDIT warden/modules/websocket_server.py: 0
[2017-09-11 00:28:02] EDIT warden/modules/websocket_server.py: 6
[2017-09-11 00:28:46] EDIT warden/modules/websocket_server.py: 0
[2017-09-11 00:28:59] EDIT warden/modules/websocket_server.py: 1
[2017-09-11 00:30:00] EDIT warden/modules/websocket_server.py: 0
[2017-09-11 00:30:38] EDIT warden/modules/websocket_server.py: 1
[2017-09-11 00:31:49] EDIT warden/modules/websocket_server.py: 0
[2017-09-11 00:32:41] EDIT warden/modules/websocket_server.py: 1
[2017-09-11 00:34:18] EDIT warden/modules/websocket_server.py: 1
[2017-09-11 00:35:16] EDIT warden/static/js/web2py.js: 0
[2017-09-11 00:38:22] EDIT warden/modules/robo.py: 0
[2017-09-11 00:38:44] EDIT warden/modules/robo.py: 0
[2017-09-11 00:42:07] EDIT warden/modules/websocket_server.py: 3
[2017-09-11 00:56:27] EDIT warden/views/warden/index.html: 24
[2017-09-11 00:57:34] EDIT warden/controllers/warden.py: 8
[2017-09-11 00:59:42] CREATE 0.py: 0
[2017-09-11 01:00:04] EDIT warden/models/0.py: 2
[2017-09-11 01:00:21] EDIT warden/models/0.py: 1
[2017-09-11 01:02:35] EDIT warden/controllers/warden.py: 0
[2017-09-11 01:04:51] EDIT warden/views/warden/index.html: 4
[2017-09-11 01:05:22] EDIT warden/views/warden/index.html: 1
[2017-09-11 01:05:29] EDIT warden/views/warden/index.html: 0
[2017-09-11 01:07:16] EDIT warden/views/warden/index.html: 2
[2017-09-11 01:07:31] EDIT warden/views/warden/index.html: -4
[2017-09-11 01:11:02] EDIT warden/controllers/warden.py: 0
[2017-09-11 01:11:27] EDIT warden/controllers/warden.py: 0
[2017-09-11 01:19:10] EDIT warden/modules/websocket_server.py: 3
[2017-09-11 01:20:03] EDIT warden/views/warden/index.html: 1
[2017-09-11 01:22:16] EDIT warden/modules/websocket_server.py: 3
[2017-09-11 01:23:24] EDIT warden/modules/websocket_server.py: 0
[2017-09-11 01:25:29] EDIT warden/views/warden/index.html: 6
[2017-09-11 01:26:03] EDIT warden/modules/websocket_server.py: 0
[2017-09-11 01:27:54] EDIT warden/views/warden/index.html: 7
[2017-09-11 01:29:25] EDIT warden/views/warden/index.html: 0
[2017-09-11 01:30:12] EDIT warden/modules/websocket_server.py: 0
[2017-09-11 02:15:21] EDIT warden/views/warden/index.html: 5
[2017-09-11 02:29:33] EDIT warden/views/warden/index.html: 4
[2017-09-11 02:33:01] EDIT warden/views/warden/index.html: 3
[2017-09-11 02:33:14] EDIT warden/views/warden/index.html: 1
[2017-09-11 02:34:32] EDIT warden/views/warden/index.html: 0
[2017-09-11 02:35:09] EDIT warden/views/warden/index.html: 1
[2017-09-11 02:36:30] EDIT warden/views/warden/index.html: 0
[2017-09-11 02:38:22] EDIT warden/views/warden/index.html: 0
[2017-09-11 02:38:44] EDIT warden/modules/websocket_server.py: -3
[2017-09-11 02:41:46] EDIT warden/views/warden/index.html: 1
[2017-09-11 02:42:27] EDIT warden/views/warden/index.html: 0
[2017-09-11 02:43:53] EDIT warden/views/warden/index.html: 2
[2017-09-11 02:45:15] EDIT warden/modules/websocket_server.py: 3
[2017-09-11 02:47:16] EDIT warden/modules/websocket_server.py: -1
[2017-09-11 02:51:07] EDIT warden/views/warden/index.html: 7
[2017-09-11 02:51:34] EDIT warden/views/warden/index.html: 0
[2017-09-11 02:52:23] EDIT warden/views/warden/index.html: 1
[2017-09-11 02:52:37] EDIT warden/modules/websocket_server.py: 0
[2017-09-11 02:53:45] EDIT warden/modules/websocket_server.py: 1
[2017-09-11 02:56:16] EDIT warden/views/warden/index.html: 0
[2017-09-11 02:56:33] EDIT warden/modules/websocket_server.py: 0
[2017-09-11 02:57:25] EDIT warden/modules/websocket_server.py: 0
[2017-09-11 02:58:19] EDIT warden/modules/websocket_server.py: 0
[2017-09-11 02:59:37] EDIT warden/modules/websocket_server.py: 0
[2017-09-11 03:04:46] EDIT warden/modules/websocket_server.py: 0
[2017-09-11 03:07:14] EDIT warden/modules/websocket_server.py: 4
[2017-09-11 03:07:26] EDIT warden/modules/websocket_server.py: 0
[2017-09-11 03:09:30] EDIT warden/views/warden/index.html: 0
[2017-09-11 03:10:10] EDIT warden/views/warden/index.html: 0
[2017-09-11 03:11:30] EDIT warden/modules/websocket_server.py: 0
[2017-09-11 03:12:03] EDIT warden/modules/websocket_server.py: 0
[2017-09-11 03:13:05] EDIT warden/views/warden/index.html: 0
[2017-09-11 03:13:13] EDIT warden/modules/websocket_server.py: 0
[2017-09-11 03:15:13] EDIT warden/views/warden/index.html: 0
[2017-09-11 03:17:47] EDIT warden/views/warden/index.html: 2
[2017-09-11 03:18:10] EDIT warden/views/warden/index.html: 0
[2017-09-11 03:25:05] EDIT warden/views/warden/index.html: 0
[2017-09-11 03:35:21] EDIT warden/modules/websocket_server.py: 3
[2017-09-11 03:35:38] EDIT warden/modules/websocket_server.py: 0
[2017-09-11 03:35:44] EDIT warden/modules/websocket_server.py: 0
[2017-09-11 03:38:19] EDIT warden/modules/websocket_server.py: 1
[2017-09-11 03:39:10] EDIT warden/views/warden/index.html: 1
[2017-09-11 03:40:20] EDIT warden/modules/websocket_server.py: 1
[2017-09-11 03:44:45] EDIT warden/views/warden/index.html: 5
[2017-09-11 03:45:38] EDIT warden/views/warden/index.html: 1
[2017-09-11 03:46:33] EDIT warden/views/warden/index.html: 3
[2017-09-11 03:47:28] EDIT warden/views/warden/index.html: -1
[2017-09-11 03:48:01] EDIT warden/views/warden/index.html: -1
[2017-09-11 03:49:21] EDIT warden/views/warden/index.html: 0
[2017-09-11 03:51:24] EDIT warden/views/warden/index.html: 0
[2017-09-11 03:52:07] EDIT warden/modules/websocket_server.py: 2
[2017-09-11 03:52:12] EDIT warden/modules/websocket_server.py: 0
[2017-09-11 03:54:18] EDIT warden/views/warden/index.html: 0
[2017-09-11 03:55:03] EDIT warden/modules/websocket_server.py: 0
[2017-09-11 04:00:46] EDIT warden/modules/websocket_server.py: 0
[2017-09-11 04:05:35] EDIT warden/views/warden/index.html: 0
[2017-09-11 04:11:11] EDIT warden/views/warden/index.html: 0
[2017-09-11 05:08:59] EDIT warden/views/warden/index.html: 2
[2017-09-11 05:10:19] EDIT warden/views/warden/index.html: 0
[2017-09-11 05:10:26] EDIT warden/views/warden/index.html: -2
[2017-09-11 05:12:45] EDIT warden/views/warden/index.html: 4
[2017-09-11 05:14:27] EDIT warden/views/warden/index.html: 1
[2017-09-11 05:15:24] EDIT warden/views/warden/index.html: 0
[2017-09-11 05:16:20] EDIT warden/views/warden/index.html: 0
[2017-09-11 05:16:32] EDIT warden/views/warden/index.html: 0
[2017-09-11 05:18:39] EDIT warden/views/warden/index.html: 0
[2017-09-11 05:19:10] EDIT warden/views/warden/index.html: 0
[2017-09-11 05:19:51] EDIT warden/views/warden/index.html: 0
[2017-09-11 05:19:52] EDIT warden/views/warden/index.html: 0
[2017-09-11 05:21:45] EDIT warden/views/warden/index.html: 1
[2017-09-11 05:22:21] EDIT warden/views/warden/index.html: 0
[2017-09-11 05:22:55] EDIT warden/views/warden/index.html: 0
[2017-09-11 05:27:37] EDIT warden/views/warden/index.html: 2
[2017-09-11 05:28:19] EDIT warden/views/warden/index.html: 0
[2017-09-11 05:28:53] EDIT warden/views/warden/index.html: 1
[2017-09-11 05:29:03] EDIT warden/views/warden/index.html: 0
[2017-09-11 05:29:34] EDIT warden/views/warden/index.html: 0
[2017-09-11 05:29:48] EDIT warden/views/warden/index.html: 0
[2017-09-11 05:30:22] EDIT warden/views/warden/index.html: 0
[2017-09-11 05:31:02] EDIT warden/views/warden/index.html: 0
[2017-09-11 05:31:35] EDIT warden/views/warden/index.html: 0
[2017-09-11 05:31:47] EDIT warden/views/warden/index.html: 0
[2017-09-11 05:31:55] EDIT warden/views/warden/index.html: 0
[2017-09-11 05:33:00] EDIT warden/views/warden/index.html: 1
[2017-09-11 05:33:16] EDIT warden/views/warden/index.html: 0
[2017-09-11 05:33:27] EDIT warden/views/warden/index.html: 1
[2017-09-11 05:33:50] EDIT warden/views/warden/index.html: 0
[2017-09-11 05:34:19] EDIT warden/views/warden/index.html: -1
[2017-09-11 05:42:44] EDIT warden/views/warden/index.html: 2
[2017-09-11 05:43:26] EDIT warden/views/warden/index.html: 0
[2017-09-11 05:44:07] EDIT warden/views/warden/index.html: 0
[2017-09-11 05:44:18] EDIT warden/views/warden/index.html: 0
[2017-09-11 05:46:56] EDIT warden/views/warden/index.html: 0
[2017-09-11 05:48:35] EDIT warden/views/warden/index.html: 1
[2017-09-11 05:49:53] EDIT warden/views/warden/index.html: 0
[2017-09-11 05:50:49] EDIT warden/views/warden/index.html: -1
[2017-09-11 05:51:35] EDIT warden/views/warden/index.html: 1
[2017-09-11 05:53:36] EDIT warden/views/warden/index.html: 1
[2017-09-11 05:53:58] EDIT warden/views/warden/index.html: 0
[2017-09-11 05:54:37] EDIT warden/views/warden/index.html: 0
[2017-09-11 05:54:54] EDIT warden/views/warden/index.html: 0
[2017-09-11 05:55:10] EDIT warden/views/warden/index.html: -2
[2017-09-11 05:55:31] EDIT warden/views/warden/index.html: 2
[2017-09-18 09:05:39] CREATE bt_server.py: 0
[2017-09-18 09:06:00] EDIT warden/modules/bt_server.py: 87
[2017-09-18 09:08:30] EDIT warden/modules/bt_server.py: 0
[2017-09-18 09:08:35] EDIT warden/modules/bt_server.py: 0
[2017-09-18 09:10:18] EDIT warden/modules/bt_server.py: 0
[2017-09-18 09:13:00] EDIT warden/modules/bt_server.py: 1
[2017-09-18 09:17:02] EDIT warden/modules/bt_server.py: 1
[2017-09-18 09:45:06] EDIT warden/modules/bt_server.py: -1
[2017-09-18 09:45:48] EDIT warden/modules/bt_server.py: 0
[2017-09-18 09:46:39] EDIT warden/modules/bt_server.py: 0
[2017-09-18 09:46:58] EDIT warden/modules/bt_server.py: -1
[2017-09-18 09:48:28] EDIT warden/modules/bt_server.py: 1
[2017-09-18 09:48:46] EDIT warden/modules/bt_server.py: 0
[2017-09-18 09:49:55] EDIT warden/modules/bt_server.py: -2
[2017-09-18 09:50:40] EDIT warden/modules/bt_server.py: 0
[2017-09-18 09:51:01] EDIT warden/modules/bt_server.py: 0
[2017-09-18 09:51:10] EDIT warden/modules/bt_server.py: 0
[2017-09-18 09:54:35] EDIT warden/modules/bt_server.py: 0
[2017-09-18 09:59:22] EDIT warden/modules/bt_server.py: 0
[2017-09-18 10:00:03] EDIT warden/modules/bt_server.py: 0
